# JRE version: Java(TM) SE Runtime Environment (16.0+36) (build 16+36-2231)
# Java VM: Java HotSpot(TM) 64-Bit Server VM (16+36-2231, mixed mode, sharing, tiered, compressed oops, g1 gc, windows-amd64)
GC Precious Log:
 CPUs: 4 total, 4 available
 Memory: 8057M
 Large Page Support: Disabled
 NUMA Support: Disabled
 Compressed Oops: Enabled (32-bit)
 Heap Region Size: 1M
 Heap Min Capacity: 8M
 Heap Initial Capacity: 126M
 Heap Max Capacity: 2016M
 Pre-touch: Disabled
 Parallel Workers: 4
 Concurrent Workers: 1
 Concurrent Refinement Workers: 4
 Periodic GC: Disabled
Heap:
 garbage-first heap   total 183296K, used 20932K [0x0000000082000000, 0x0000000100000000)
  region size 1024K, 3 young (3072K), 3 survivors (3072K)
 Metaspace       used 2179K, committed 2368K, reserved 1056768K
  class space    used 187K, committed 256K, reserved 1048576K
GC Heap History (20 events):
Event: 0.566 GC heap after
{Heap after GC invocations=1 (full 0):
 garbage-first heap   total 129024K, used 6930K [0x0000000082000000, 0x0000000100000000)
  region size 1024K, 2 young (2048K), 2 survivors (2048K)
 Metaspace       used 1846K, committed 1984K, reserved 1056768K
  class space    used 170K, committed 256K, reserved 1048576K
}
Event: 0.843 GC heap before
{Heap before GC invocations=1 (full 0):
 garbage-first heap   total 129024K, used 16146K [0x0000000082000000, 0x0000000100000000)
  region size 1024K, 12 young (12288K), 2 survivors (2048K)
 Metaspace       used 1862K, committed 2048K, reserved 1056768K
  class space    used 170K, committed 256K, reserved 1048576K
}
Event: 0.851 GC heap after
{Heap after GC invocations=2 (full 0):
 garbage-first heap   total 129024K, used 11201K [0x0000000082000000, 0x0000000100000000)
  region size 1024K, 2 young (2048K), 2 survivors (2048K)
 Metaspace       used 1862K, committed 2048K, reserved 1056768K
  class space    used 170K, committed 256K, reserved 1048576K
}
Event: 0.899 GC heap before
{Heap before GC invocations=2 (full 0):
 garbage-first heap   total 129024K, used 14273K [0x0000000082000000, 0x0000000100000000)
  region size 1024K, 6 young (6144K), 2 survivors (2048K)
 Metaspace       used 1867K, committed 2048K, reserved 1056768K
  class space    used 170K, committed 256K, reserved 1048576K
}
Event: 0.904 GC heap after
{Heap after GC invocations=3 (full 0):
 garbage-first heap   total 129024K, used 12817K [0x0000000082000000, 0x0000000100000000)
  region size 1024K, 1 young (1024K), 1 survivors (1024K)
 Metaspace       used 1867K, committed 2048K, reserved 1056768K
  class space    used 170K, committed 256K, reserved 1048576K
}
Event: 1.024 GC heap before
{Heap before GC invocations=3 (full 0):
 garbage-first heap   total 129024K, used 16913K [0x0000000082000000, 0x0000000100000000)
  region size 1024K, 6 young (6144K), 1 survivors (1024K)
 Metaspace       used 1869K, committed 2048K, reserved 1056768K
  class space    used 170K, committed 256K, reserved 1048576K
}
Event: 1.028 GC heap after
{Heap after GC invocations=4 (full 0):
 garbage-first heap   total 129024K, used 14324K [0x0000000082000000, 0x0000000100000000)
  region size 1024K, 1 young (1024K), 1 survivors (1024K)
 Metaspace       used 1869K, committed 2048K, reserved 1056768K
  class space    used 170K, committed 256K, reserved 1048576K
}
Event: 1.112 GC heap before
{Heap before GC invocations=4 (full 0):
 garbage-first heap   total 129024K, used 20468K [0x0000000082000000, 0x0000000100000000)
  region size 1024K, 7 young (7168K), 1 survivors (1024K)
 Metaspace       used 2123K, committed 2304K, reserved 1056768K
  class space    used 187K, committed 256K, reserved 1048576K
}
Event: 1.118 GC heap after
{Heap after GC invocations=5 (full 0):
 garbage-first heap   total 183296K, used 16018K [0x0000000082000000, 0x0000000100000000)
  region size 1024K, 1 young (1024K), 1 survivors (1024K)
 Metaspace       used 2123K, committed 2304K, reserved 1056768K
  class space    used 187K, committed 256K, reserved 1048576K
}
Event: 1.305 GC heap before
{Heap before GC invocations=5 (full 0):
 garbage-first heap   total 183296K, used 28306K [0x0000000082000000, 0x0000000100000000)
  region size 1024K, 14 young (14336K), 1 survivors (1024K)
 Metaspace       used 2124K, committed 2304K, reserved 1056768K
  class space    used 187K, committed 256K, reserved 1048576K
}
Event: 1.311 GC heap after
{Heap after GC invocations=6 (full 0):
 garbage-first heap   total 183296K, used 17916K [0x0000000082000000, 0x0000000100000000)
  region size 1024K, 2 young (2048K), 2 survivors (2048K)
 Metaspace       used 2124K, committed 2304K, reserved 1056768K
  class space    used 187K, committed 256K, reserved 1048576K
}
Event: 1.406 GC heap before
{Heap before GC invocations=6 (full 0):
 garbage-first heap   total 183296K, used 24060K [0x0000000082000000, 0x0000000100000000)
  region size 1024K, 9 young (9216K), 2 survivors (2048K)
 Metaspace       used 2136K, committed 2304K, reserved 1056768K
  class space    used 187K, committed 256K, reserved 1048576K
}
Event: 1.412 GC heap after
{Heap after GC invocations=7 (full 0):
 garbage-first heap   total 183296K, used 18567K [0x0000000082000000, 0x0000000100000000)
  region size 1024K, 2 young (2048K), 2 survivors (2048K)
 Metaspace       used 2136K, committed 2304K, reserved 1056768K
  class space    used 187K, committed 256K, reserved 1048576K
}
Event: 1.723 GC heap before
{Heap before GC invocations=7 (full 0):
 garbage-first heap   total 183296K, used 39047K [0x0000000082000000, 0x0000000100000000)
  region size 1024K, 23 young (23552K), 2 survivors (2048K)
 Metaspace       used 2150K, committed 2304K, reserved 1056768K
  class space    used 187K, committed 256K, reserved 1048576K
}
Event: 1.726 GC heap after
{Heap after GC invocations=8 (full 0):
 garbage-first heap   total 183296K, used 18575K [0x0000000082000000, 0x0000000100000000)
  region size 1024K, 2 young (2048K), 2 survivors (2048K)
 Metaspace       used 2150K, committed 2304K, reserved 1056768K
  class space    used 187K, committed 256K, reserved 1048576K
}
Event: 2.349 GC heap before
{Heap before GC invocations=8 (full 0):
 garbage-first heap   total 183296K, used 56463K [0x0000000082000000, 0x0000000100000000)
  region size 1024K, 40 young (40960K), 2 survivors (2048K)
 Metaspace       used 2174K, committed 2368K, reserved 1056768K
  class space    used 187K, committed 256K, reserved 1048576K
}
Event: 2.354 GC heap after
{Heap after GC invocations=9 (full 0):
 garbage-first heap   total 183296K, used 18906K [0x0000000082000000, 0x0000000100000000)
  region size 1024K, 3 young (3072K), 3 survivors (3072K)
 Metaspace       used 2174K, committed 2368K, reserved 1056768K
  class space    used 187K, committed 256K, reserved 1048576K
}
Event: 2.425 GC heap before
{Heap before GC invocations=9 (full 0):
 garbage-first heap   total 183296K, used 23002K [0x0000000082000000, 0x0000000100000000)
  region size 1024K, 8 young (8192K), 3 survivors (3072K)
 Metaspace       used 2174K, committed 2368K, reserved 1056768K
  class space    used 187K, committed 256K, reserved 1048576K
}
Event: 2.431 GC heap after
{Heap after GC invocations=10 (full 0):
 garbage-first heap   total 183296K, used 19780K [0x0000000082000000, 0x0000000100000000)
  region size 1024K, 1 young (1024K), 1 survivors (1024K)
 Metaspace       used 2174K, committed 2368K, reserved 1056768K
  class space    used 187K, committed 256K, reserved 1048576K
}
Event: 3.057 GC heap before
{Heap before GC invocations=10 (full 0):
 garbage-first heap   total 183296K, used 69956K [0x0000000082000000, 0x0000000100000000)
  region size 1024K, 51 young (52224K), 1 survivors (1024K)
 Metaspace       used 2179K, committed 2368K, reserved 1056768K
  class space    used 187K, committed 256K, reserved 1048576K
}

